Thu 20 Apr 2023 03:00:02 AM UTC: 
 tests:  1|8
total_score: 0/70
a7eae09
Thu 20 Apr 2023 03:20:52 AM UTC: 
 treemap.c | 9 +++++++--
 1 file changed, 7 insertions(+), 2 deletions(-)
In file included from test.c:4:
treemap.c: In function ‘createTreeMap’:
treemap.c:40:19: error: ‘Treemap’ undeclared (first use in this function); did you mean ‘TreeMap’?
   40 |   TreeMap *new = (Treemap *) malloc(sizeof(Treemap));
      |                   ^~~~~~~
      |                   TreeMap
treemap.c:40:19: note: each undeclared identifier is reported only once for each function it appears in
treemap.c:40:28: error: expected expression before ‘)’ token
   40 |   TreeMap *new = (Treemap *) malloc(sizeof(Treemap));
      |                            ^
treemap.c:44:3: error: ‘map’ undeclared (first use in this function)
   44 |   map->root = NULL;
      |   ^~~
Compilation failed
b1a5d22
Thu 20 Apr 2023 03:21:09 AM UTC: 
 treemap.c | 4 ++--
 1 file changed, 2 insertions(+), 2 deletions(-)
In file included from test.c:4:
treemap.c: In function ‘createTreeMap’:
treemap.c:40:19: error: ‘Treemap’ undeclared (first use in this function); did you mean ‘TreeMap’?
   40 |   TreeMap *new = (Treemap *) malloc(sizeof(Treemap));
      |                   ^~~~~~~
      |                   TreeMap
treemap.c:40:19: note: each undeclared identifier is reported only once for each function it appears in
treemap.c:40:28: error: expected expression before ‘)’ token
   40 |   TreeMap *new = (Treemap *) malloc(sizeof(Treemap));
      |                            ^
Compilation failed
06ec62b
Thu 20 Apr 2023 03:21:55 AM UTC: 
 treemap.c | 2 +-
 1 file changed, 1 insertion(+), 1 deletion(-)
In file included from test.c:4:
treemap.c: In function ‘createTreeMap’:
treemap.c:40:43: error: ‘Treemap’ undeclared (first use in this function); did you mean ‘TreeMap’?
   40 |   TreeMap *new = (TreeMap*) malloc(sizeof(Treemap));
      |                                           ^~~~~~~
      |                                           TreeMap
treemap.c:40:43: note: each undeclared identifier is reported only once for each function it appears in
Compilation failed
f95717f
Thu 20 Apr 2023 03:22:05 AM UTC: 
 treemap.c | 2 +-
 1 file changed, 1 insertion(+), 1 deletion(-)
 tests:  1|8
total_score: 0/70
b7e3efa
Thu 20 Apr 2023 03:22:21 AM UTC: 
 treemap.c | 2 +-
 1 file changed, 1 insertion(+), 1 deletion(-)
 tests:  4|7
total_score: 5/70
1630ee3
Thu 20 Apr 2023 03:58:03 AM UTC: 
 treemap.c | 11 ++++++++---
 1 file changed, 8 insertions(+), 3 deletions(-)
In file included from test.c:4:
treemap.c: In function ‘searchTreeMap’:
treemap.c:76:5: error: ‘map’ undeclared (first use in this function)
   76 |     map->current = nodo;
      |     ^~~
treemap.c:76:5: note: each undeclared identifier is reported only once for each function it appears in
treemap.c:77:12: error: returning ‘TreeNode *’ from a function with incompatible return type ‘Pair *’ [-Werror=incompatible-pointer-types]
   77 |     return nodo;
      |            ^~~~
treemap.c:82:10: error: returning ‘TreeNode *’ from a function with incompatible return type ‘Pair *’ [-Werror=incompatible-pointer-types]
   82 |   return nodo;
      |          ^~~~
cc1: all warnings being treated as errors
Compilation failed
4cfc77a
Thu 20 Apr 2023 03:58:13 AM UTC: 
 treemap.c | 2 +-
 1 file changed, 1 insertion(+), 1 deletion(-)
In file included from test.c:4:
treemap.c: In function ‘searchTreeMap’:
treemap.c:77:12: error: returning ‘TreeNode *’ from a function with incompatible return type ‘Pair *’ [-Werror=incompatible-pointer-types]
   77 |     return nodo;
      |            ^~~~
treemap.c:82:10: error: returning ‘TreeNode *’ from a function with incompatible return type ‘Pair *’ [-Werror=incompatible-pointer-types]
   82 |   return nodo;
      |          ^~~~
cc1: all warnings being treated as errors
Compilation failed
1a0542c
Thu 20 Apr 2023 04:23:59 AM UTC: 
 treemap.c | 15 ++++++++++-----
 1 file changed, 10 insertions(+), 5 deletions(-)
In file included from test.c:4:
treemap.c: In function ‘searchTreeMap’:
treemap.c:76:10: error: ‘true’ undeclared (first use in this function); did you mean ‘tree’?
   76 |   while (true){
      |          ^~~~
      |          tree
treemap.c:76:10: note: each undeclared identifier is reported only once for each function it appears in
treemap.c:81:18: error: returning ‘TreeNode *’ from a function with incompatible return type ‘Pair *’ [-Werror=incompatible-pointer-types]
   81 |       return nodo->right;
      |              ~~~~^~~~~~~
treemap.c:84:18: error: returning ‘TreeNode *’ from a function with incompatible return type ‘Pair *’ [-Werror=incompatible-pointer-types]
   84 |       return nodo->left;
      |              ~~~~^~~~~~
cc1: all warnings being treated as errors
Compilation failed
f70a2a5
Thu 20 Apr 2023 04:24:37 AM UTC: 
 treemap.c | 1 +
 1 file changed, 1 insertion(+)
In file included from test.c:4:
treemap.c: In function ‘searchTreeMap’:
treemap.c:82:18: error: returning ‘TreeNode *’ from a function with incompatible return type ‘Pair *’ [-Werror=incompatible-pointer-types]
   82 |       return nodo->right;
      |              ~~~~^~~~~~~
treemap.c:85:18: error: returning ‘TreeNode *’ from a function with incompatible return type ‘Pair *’ [-Werror=incompatible-pointer-types]
   85 |       return nodo->left;
      |              ~~~~^~~~~~
cc1: all warnings being treated as errors
Compilation failed
7cfea97
Thu 20 Apr 2023 04:26:03 AM UTC: 
 treemap.c | 2 +-
 1 file changed, 1 insertion(+), 1 deletion(-)
In file included from test.c:4:
treemap.c: In function ‘searchTreeMap’:
treemap.c:82:18: error: returning ‘TreeNode *’ from a function with incompatible return type ‘Pair *’ [-Werror=incompatible-pointer-types]
   82 |       return nodo->right;
      |              ~~~~^~~~~~~
treemap.c:85:18: error: returning ‘TreeNode *’ from a function with incompatible return type ‘Pair *’ [-Werror=incompatible-pointer-types]
   85 |       return nodo->left;
      |              ~~~~^~~~~~
cc1: all warnings being treated as errors
Compilation failed
493c39c
Thu 20 Apr 2023 04:28:43 AM UTC: 
 treemap.c | 2 +-
 1 file changed, 1 insertion(+), 1 deletion(-)
In file included from test.c:4:
treemap.c: In function ‘searchTreeMap’:
treemap.c:82:18: error: returning ‘TreeNode *’ from a function with incompatible return type ‘Pair *’ [-Werror=incompatible-pointer-types]
   82 |       return nodo->right;
      |              ~~~~^~~~~~~
treemap.c:85:18: error: returning ‘TreeNode *’ from a function with incompatible return type ‘Pair *’ [-Werror=incompatible-pointer-types]
   85 |       return nodo->left;
      |              ~~~~^~~~~~
cc1: all warnings being treated as errors
Compilation failed
b2aaab8
Thu 20 Apr 2023 04:29:18 AM UTC: 
 treemap.c | 4 ++--
 1 file changed, 2 insertions(+), 2 deletions(-)
 tests:  5|7
total_score: 5/70
9308501
Thu 20 Apr 2023 04:14:24 PM UTC: 
 treemap.c | 8 +-------
 1 file changed, 1 insertion(+), 7 deletions(-)
test.c: In function ‘searchTreeMap’:
test.c:503:5: error: ‘main’ is normally a non-static function [-Werror=main]
  503 | int main( int argc, char *argv[] ) {
      |     ^~~~
test.c:606:1: error: expected declaration or statement at end of input
  606 | }
      | ^
test.c:606: error: control reaches end of non-void function [-Werror=return-type]
  606 | }
      | 
At top level:
test.c:503:5: error: ‘main’ defined but not used [-Werror=unused-function]
  503 | int main( int argc, char *argv[] ) {
      |     ^~~~
cc1: all warnings being treated as errors
Compilation failed
5170fdd
Thu 20 Apr 2023 04:14:46 PM UTC: 
 treemap.c | 5 -----
 1 file changed, 5 deletions(-)
In file included from test.c:4:
treemap.c: In function ‘searchTreeMap’:
treemap.c:76:7: error: unused variable ‘aux’ [-Werror=unused-variable]
   76 |   int aux = tree->lower_than(key,nodo->pair->key);
      |       ^~~
cc1: all warnings being treated as errors
Compilation failed
82a5f35
Thu 20 Apr 2023 04:20:03 PM UTC: 
 treemap.c | 9 +++++++++
 1 file changed, 9 insertions(+)
In file included from test.c:4:
treemap.c: In function ‘searchTreeMap’:
treemap.c:78:9: error: ‘TreeNode’ has no member named ‘current’
   78 |     nodo->current = nodo->pair;
      |         ^~
Compilation failed
fbd4bb3
Thu 20 Apr 2023 04:23:34 PM UTC: 
 treemap.c | 2 +-
 1 file changed, 1 insertion(+), 1 deletion(-)
 tests:  5|7
total_score: 5/70
a6e93ab
Thu 20 Apr 2023 04:30:26 PM UTC: 
 treemap.c | 1 +
 1 file changed, 1 insertion(+)
In file included from test.c:4:
treemap.c: In function ‘searchTreeMap’:
treemap.c:77:25: error: ‘TreeMap’ has no member named ‘aux’
   77 |     tree->current = tree->aux;
      |                         ^~
Compilation failed
ab57c85
Thu 20 Apr 2023 04:30:41 PM UTC: 
 treemap.c | 1 -
 1 file changed, 1 deletion(-)
 tests:  5|7
total_score: 5/70
16ec689
Thu 20 Apr 2023 04:31:10 PM UTC: 
 treemap.c | 1 +
 1 file changed, 1 insertion(+)
In file included from test.c:4:
treemap.c: In function ‘searchTreeMap’:
treemap.c:77:19: error: assignment to ‘TreeNode *’ from incompatible pointer type ‘Pair *’ [-Werror=incompatible-pointer-types]
   77 |     tree->current = tree->current->pair;
      |                   ^
cc1: all warnings being treated as errors
Compilation failed
bdde174
Thu 20 Apr 2023 04:31:30 PM UTC: 
 treemap.c | 2 +-
 1 file changed, 1 insertion(+), 1 deletion(-)
In file included from test.c:4:
treemap.c: In function ‘searchTreeMap’:
treemap.c:77:40: error: ‘TreeNode’ has no member named ‘nodo’
   77 |     tree->current->pair = tree->current->nodo;
      |                                        ^~
Compilation failed
9036254
Thu 20 Apr 2023 04:32:30 PM UTC: 
 treemap.c | 2 +-
 1 file changed, 1 insertion(+), 1 deletion(-)
 tests:  0|0
e202665
Thu 20 Apr 2023 04:32:38 PM UTC: 
 treemap.c | 2 +-
 1 file changed, 1 insertion(+), 1 deletion(-)
 tests:  5|7
total_score: 5/70
63080f6
Thu 20 Apr 2023 04:35:05 PM UTC: 
 treemap.c | 2 +-
 1 file changed, 1 insertion(+), 1 deletion(-)
In file included from test.c:4:
treemap.c: In function ‘searchTreeMap’:
treemap.c:77:18: error: ‘TreeNode’ has no member named ‘nodo’
   77 |     tree->current->nodo = tree->current->pair;
      |                  ^~
Compilation failed
01155bb
Thu 20 Apr 2023 04:36:30 PM UTC: 
 treemap.c | 1 -
 1 file changed, 1 deletion(-)
 tests:  5|7
total_score: 5/70
8e68985
Thu 20 Apr 2023 04:37:07 PM UTC: 
 treemap.c | 1 +
 1 file changed, 1 insertion(+)
In file included from test.c:4:
treemap.c: In function ‘searchTreeMap’:
treemap.c:77:19: error: assignment to ‘TreeNode *’ from incompatible pointer type ‘Pair *’ [-Werror=incompatible-pointer-types]
   77 |     tree->current = nodo->pair;
      |                   ^
cc1: all warnings being treated as errors
Compilation failed
719da60
Thu 20 Apr 2023 04:37:27 PM UTC: 
 treemap.c | 2 +-
 1 file changed, 1 insertion(+), 1 deletion(-)
 tests:  0|0
d0c5cab
Thu 20 Apr 2023 04:39:23 PM UTC: 
 treemap.c | 2 +-
 1 file changed, 1 insertion(+), 1 deletion(-)
 tests:  0|0
d8310d9
Thu 20 Apr 2023 04:39:31 PM UTC: 
 treemap.c | 1 -
 1 file changed, 1 deletion(-)
 tests:  5|7
total_score: 5/70
1fdecea
Thu 20 Apr 2023 04:40:22 PM UTC: 
 treemap.c | 1 +
 1 file changed, 1 insertion(+)
 tests:  0|0
08a9fb4
Thu 20 Apr 2023 04:40:29 PM UTC: 
 treemap.c | 1 -
 1 file changed, 1 deletion(-)
 tests:  5|7
total_score: 5/70
0920581
Thu 20 Apr 2023 04:40:58 PM UTC: 
 treemap.c | 2 ++
 1 file changed, 2 insertions(+)
 tests:  0|0
00b1969
Thu 20 Apr 2023 04:41:33 PM UTC: 
 treemap.c | 4 ++--
 1 file changed, 2 insertions(+), 2 deletions(-)
 tests:  0|0
50a68bf
Thu 20 Apr 2023 04:41:41 PM UTC: 
 treemap.c | 2 --
 1 file changed, 2 deletions(-)
 tests:  5|7
total_score: 5/70
d777612
Thu 20 Apr 2023 04:46:19 PM UTC: 
 treemap.c | 2 ++
 1 file changed, 2 insertions(+)
 tests:  5|7
total_score: 5/70
d6d5018
Thu 20 Apr 2023 04:46:39 PM UTC: 
 treemap.c | 2 +-
 1 file changed, 1 insertion(+), 1 deletion(-)
 tests:  5|7
total_score: 5/70
7a92e44
Thu 20 Apr 2023 04:47:11 PM UTC: 
 treemap.c | 1 +
 1 file changed, 1 insertion(+)
 tests:  6|7
total_score: 5/70
2f8acc7
Thu 20 Apr 2023 04:53:02 PM UTC: 
 treemap.c | 2 ++
 1 file changed, 2 insertions(+)
 tests:  6|7
total_score: 5/70
cb7a4f8
Thu 20 Apr 2023 04:53:15 PM UTC: 
 treemap.c | 2 +-
 1 file changed, 1 insertion(+), 1 deletion(-)
In file included from test.c:4:
treemap.c: In function ‘searchTreeMap’:
treemap.c:76:14: error: comparison between pointer and integer [-Werror]
   76 |   while (aux != NULL){
      |              ^~
cc1: all warnings being treated as errors
Compilation failed
58d7eab
Thu 20 Apr 2023 04:53:55 PM UTC: 
 treemap.c | 2 +-
 1 file changed, 1 insertion(+), 1 deletion(-)
 tests:  6|7
total_score: 5/70
66bb70a
Thu 20 Apr 2023 04:55:02 PM UTC: 
 treemap.c | 2 +-
 1 file changed, 1 insertion(+), 1 deletion(-)
In file included from test.c:4:
treemap.c: In function ‘searchTreeMap’:
treemap.c:76:16: error: invalid operands to binary != (have ‘TreeNode’ and ‘void *’)
   76 |   while (*nodo != NULL){
      |          ~~~~~ ^~
      |          |
      |          TreeNode
Compilation failed
08c5e46
Thu 20 Apr 2023 04:55:08 PM UTC: 
 treemap.c | 2 +-
 1 file changed, 1 insertion(+), 1 deletion(-)
 tests:  6|7
total_score: 5/70
82b78e4
Thu 20 Apr 2023 05:02:24 PM UTC: 
 treemap.c | 2 +-
 1 file changed, 1 insertion(+), 1 deletion(-)
 tests:  4|7
total_score: 5/70
c2260c0
Thu 20 Apr 2023 05:02:33 PM UTC: 
 treemap.c | 2 +-
 1 file changed, 1 insertion(+), 1 deletion(-)
 tests:  6|7
total_score: 5/70
fc723da
Thu 20 Apr 2023 05:03:32 PM UTC: 
 treemap.c | 2 +-
 1 file changed, 1 insertion(+), 1 deletion(-)
 tests:  4|7
total_score: 5/70
feb9c10
Thu 20 Apr 2023 05:04:46 PM UTC: 
 treemap.c | 3 +--
 1 file changed, 1 insertion(+), 2 deletions(-)
 tests:  4|7
total_score: 5/70
e3802ed
Thu 20 Apr 2023 05:08:17 PM UTC: 
 treemap.c | 16 +++++++---------
 1 file changed, 7 insertions(+), 9 deletions(-)
In file included from test.c:4:
treemap.c: In function ‘searchTreeMap’:
treemap.c:76:3: error: expected ‘;’ before ‘while’
   76 |   while (tree->current != NULL){
      |   ^~~~~
test.c: In function ‘creaPalabra’:
test.c:47:17: error: implicit declaration of function ‘_strdup’; did you mean ‘strdup’? [-Werror=implicit-function-declaration]
   47 |     new->word = _strdup(word);
      |                 ^~~~~~~
      |                 strdup
test.c:47:15: error: assignment to ‘char *’ from ‘int’ makes pointer from integer without a cast [-Werror=int-conversion]
   47 |     new->word = _strdup(word);
      |               ^
test.c: In function ‘search_test3’:
test.c:143:17: error: ‘msg’ undeclared (first use in this function)
  143 |         sprintf(msg, "encuentra dato con clave %d",key);
      |                 ^~~
test.c:143:17: note: each undeclared identifier is reported only once for each function it appears in
test.c: In function ‘search_test4’:
test.c:164:17: error: ‘msg’ undeclared (first use in this function)
  164 |         sprintf(msg, "retorna NULL: search(key=%d)",key);
      |                 ^~~
test.c: In function ‘insert_test1’:
test.c:174:35: error: passing argument 2 of ‘creaPalabra’ makes pointer from integer without a cast [-Werror=int-conversion]
  174 |     Palabra* p = creaPalabra(1273,_strdup("repetido"));
      |                                   ^~~~~~~~~~~~~~~~~~~
      |                                   |
      |                                   int
test.c:44:36: note: expected ‘char *’ but argument is of type ‘int’
   44 | Palabra* creaPalabra(int id, char* word){
      |                              ~~~~~~^~~~
test.c: In function ‘insert_test2’:
test.c:190:34: error: passing argument 2 of ‘creaPalabra’ makes pointer from integer without a cast [-Werror=int-conversion]
  190 |     Palabra* p = creaPalabra(900,_strdup("maicol"));
      |                                  ^~~~~~~~~~~~~~~~~
      |                                  |
      |                                  int
test.c:44:36: note: expected ‘char *’ but argument is of type ‘int’
   44 | Palabra* creaPalabra(int id, char* word){
      |                              ~~~~~~^~~~
test.c: In function ‘minimum_test’:
test.c:233:17: error: ‘msg’ undeclared (first use in this function)
  233 |         sprintf(msg,"minimum retorna nodo con clave %d (deberia retornar 1273)",*((int*) n->pair->key));
      |                 ^~~
test.c: In function ‘ub_test1’:
test.c:435:17: error: ‘msg’ undeclared (first use in this function)
  435 |         sprintf(msg,"upperbound de 6980 retorna %d",((Palabra*)aux->value)->id);
      |                 ^~~
test.c: In function ‘ub_test2’:
test.c:450:17: error: ‘msg’ undeclared (first use in this function)
  450 |         sprintf(msg,"upperbound de %d retorna NULL",j);
      |                 ^~~
test.c: In function ‘ub_test3’:
test.c:471:17: error: ‘msg’ undeclared (first use in this function)
  471 |         sprintf(msg,"upperbound de %d retorna NULL",j);
      |                 ^~~
test.c: In function ‘ub_test4’:
test.c:492:17: error: ‘msg’ undeclared (first use in this function)
  492 |         sprintf(msg,"upperbound de %d retorna NULL",j);
      |                 ^~~
test.c: In function ‘searchTreeMap’:
test.c:503:5: error: ‘main’ is normally a non-static function [-Werror=main]
  503 | int main( int argc, char *argv[] ) {
      |     ^~~~
test.c:606:1: error: expected declaration or statement at end of input
  606 | }
      | ^
test.c:606: error: control reaches end of non-void function [-Werror=return-type]
  606 | }
      | 
At top level:
test.c:503:5: error: ‘main’ defined but not used [-Werror=unused-function]
  503 | int main( int argc, char *argv[] ) {
      |     ^~~~
cc1: all warnings being treated as errors
Compilation failed
9f330aa
Thu 20 Apr 2023 05:08:33 PM UTC: 
 treemap.c | 2 +-
 1 file changed, 1 insertion(+), 1 deletion(-)
In file included from test.c:4:
treemap.c: In function ‘searchTreeMap’:
treemap.c:77:52: error: expected ‘)’ before ‘{’ token
   77 |     if (is_equal(tree,tree->current->pair->key,key){
      |        ~                                           ^
      |                                                    )
treemap.c:86:3: error: expected expression before ‘}’ token
   86 |   }
      |   ^
Compilation failed
86d406e
Thu 20 Apr 2023 05:08:46 PM UTC: 
 treemap.c | 2 +-
 1 file changed, 1 insertion(+), 1 deletion(-)
In file included from test.c:4:
treemap.c: In function ‘searchTreeMap’:
treemap.c:78:14: error: ‘nodo’ undeclared (first use in this function)
   78 |       return nodo->pair;
      |              ^~~~
treemap.c:78:14: note: each undeclared identifier is reported only once for each function it appears in
Compilation failed
eba008e
Thu 20 Apr 2023 05:09:01 PM UTC: 
 treemap.c | 2 +-
 1 file changed, 1 insertion(+), 1 deletion(-)
 tests:  6|7
total_score: 5/70
87ed385
Thu 20 Apr 2023 05:09:55 PM UTC: 
 treemap.c | 4 ++--
 1 file changed, 2 insertions(+), 2 deletions(-)
 tests:  11|6
total_score: 15/70
b80b87c
Thu 20 Apr 2023 05:16:44 PM UTC: 
 treemap.c | 9 +++++++--
 1 file changed, 7 insertions(+), 2 deletions(-)
In file included from test.c:4:
treemap.c: In function ‘insertTreeMap’:
treemap.c:52:25: error: ‘TreeMap’ has no member named ‘nuevoNodo’
   52 |     tree->current = tree->nuevoNodo;
      |                         ^~
treemap.c:53:41: error: ‘TreeMap’ has no member named ‘nuevoNodo’
   53 |     if (tree->current->pair->key == tree->nuevoNodo->pair->key){
      |                                         ^~
treemap.c:51:15: error: unused variable ‘nuevoNodo’ [-Werror=unused-variable]
   51 |     TreeNode *nuevoNodo = (TreeNode *) malloc(sizeof(TreeNode));
      |               ^~~~~~~~~
cc1: all warnings being treated as errors
Compilation failed
770db2b
Thu 20 Apr 2023 05:17:27 PM UTC: 
 treemap.c | 1 +
 1 file changed, 1 insertion(+)
In file included from test.c:4:
treemap.c: In function ‘insertTreeMap’:
treemap.c:52:9: error: ‘TreeMap’ has no member named ‘nuevoNodo’
   52 |     tree->nuevoNodo = tree->root
      |         ^~
treemap.c:52:33: error: expected ‘;’ before ‘tree’
   52 |     tree->nuevoNodo = tree->root
      |                                 ^
      |                                 ;
   53 |     tree->current = tree->nuevoNodo;
      |     ~~~~                         
treemap.c:54:41: error: ‘TreeMap’ has no member named ‘nuevoNodo’
   54 |     if (tree->current->pair->key == tree->nuevoNodo->pair->key){
      |                                         ^~
treemap.c:51:15: error: unused variable ‘nuevoNodo’ [-Werror=unused-variable]
   51 |     TreeNode *nuevoNodo = (TreeNode *) malloc(sizeof(TreeNode));
      |               ^~~~~~~~~
cc1: all warnings being treated as errors
Compilation failed
809bb98
Thu 20 Apr 2023 05:17:30 PM UTC: 
 treemap.c | 2 +-
 1 file changed, 1 insertion(+), 1 deletion(-)
In file included from test.c:4:
treemap.c: In function ‘insertTreeMap’:
treemap.c:52:9: error: ‘TreeMap’ has no member named ‘nuevoNodo’
   52 |     tree->nuevoNodo = tree->root;
      |         ^~
treemap.c:53:25: error: ‘TreeMap’ has no member named ‘nuevoNodo’
   53 |     tree->current = tree->nuevoNodo;
      |                         ^~
treemap.c:54:41: error: ‘TreeMap’ has no member named ‘nuevoNodo’
   54 |     if (tree->current->pair->key == tree->nuevoNodo->pair->key){
      |                                         ^~
treemap.c:51:15: error: unused variable ‘nuevoNodo’ [-Werror=unused-variable]
   51 |     TreeNode *nuevoNodo = (TreeNode *) malloc(sizeof(TreeNode));
      |               ^~~~~~~~~
cc1: all warnings being treated as errors
Compilation failed
0947225
Thu 20 Apr 2023 05:29:26 PM UTC: 
 treemap.c | 30 ++++++++++++++++++++++++------
 1 file changed, 24 insertions(+), 6 deletions(-)
In file included from test.c:4:
treemap.c: In function ‘insertTreeMap’:
treemap.c:58:27: error: ‘return’ with a value, in function returning void [-Werror=return-type]
   58 |       return tree->current->pair;
      |              ~~~~~~~~~~~~~^~~~~~
treemap.c:49:6: note: declared here
   49 | void insertTreeMap(TreeMap * tree, void* key, void * value) {
      |      ^~~~~~~~~~~~~
test.c:503:5: error: ‘main’ is normally a non-static function [-Werror=main]
  503 | int main( int argc, char *argv[] ) {
      |     ^~~~
test.c:606:1: error: expected declaration or statement at end of input
  606 | }
      | ^
At top level:
test.c:503:5: error: ‘main’ defined but not used [-Werror=unused-function]
  503 | int main( int argc, char *argv[] ) {
      |     ^~~~
cc1: all warnings being treated as errors
Compilation failed
8e7efa8
Thu 20 Apr 2023 05:29:40 PM UTC: 
 treemap.c | 3 ---
 1 file changed, 3 deletions(-)
test.c: In function ‘insertTreeMap’:
test.c:503:5: error: ‘main’ is normally a non-static function [-Werror=main]
  503 | int main( int argc, char *argv[] ) {
      |     ^~~~
test.c:606:1: error: expected declaration or statement at end of input
  606 | }
      | ^
At top level:
test.c:503:5: error: ‘main’ defined but not used [-Werror=unused-function]
  503 | int main( int argc, char *argv[] ) {
      |     ^~~~
cc1: all warnings being treated as errors
Compilation failed
871a84c
Thu 20 Apr 2023 05:30:01 PM UTC: 
 treemap.c | 1 +
 1 file changed, 1 insertion(+)
 tests:  11|6
total_score: 15/70
27f26c8
Thu 20 Apr 2023 05:31:40 PM UTC: 
 treemap.c | 7 +++++--
 1 file changed, 5 insertions(+), 2 deletions(-)
In file included from test.c:4:
treemap.c: In function ‘insertTreeMap’:
treemap.c:64:7: error: expected expression before ‘}’ token
   64 |       }
      |       ^
treemap.c:64:7: error: ‘return’ with a value, in function returning void [-Werror=return-type]
treemap.c:49:6: note: declared here
   49 | void insertTreeMap(TreeMap * tree, void* key, void * value) {
      |      ^~~~~~~~~~~~~
cc1: all warnings being treated as errors
Compilation failed
09409cc
Thu 20 Apr 2023 05:31:42 PM UTC: 
 treemap.c | 2 +-
 1 file changed, 1 insertion(+), 1 deletion(-)
 tests:  11|6
total_score: 15/70
b0b5a50
Thu 20 Apr 2023 05:34:19 PM UTC: 
 treemap.c | 5 +++--
 1 file changed, 3 insertions(+), 2 deletions(-)
 tests:  11|6
total_score: 15/70
00b5209
Thu 20 Apr 2023 05:37:11 PM UTC: 
 treemap.c | 5 ++---
 1 file changed, 2 insertions(+), 3 deletions(-)
 tests:  11|6
total_score: 15/70
c8900e7
Thu 20 Apr 2023 05:37:37 PM UTC: 
 treemap.c | 4 ++--
 1 file changed, 2 insertions(+), 2 deletions(-)
In file included from test.c:4:
treemap.c: In function ‘insertTreeMap’:
treemap.c:65:23: error: ‘new’ undeclared (first use in this function)
   65 |       tree->current = new;
      |                       ^~~
treemap.c:65:23: note: each undeclared identifier is reported only once for each function it appears in
Compilation failed
2548c6d
Thu 20 Apr 2023 05:37:56 PM UTC: 
 treemap.c | 4 ++--
 1 file changed, 2 insertions(+), 2 deletions(-)
 tests:  11|6
total_score: 15/70
c37fc99
Thu 20 Apr 2023 05:39:39 PM UTC: 
 treemap.c | 6 ++++--
 1 file changed, 4 insertions(+), 2 deletions(-)
In file included from test.c:4:
treemap.c: In function ‘insertTreeMap’:
treemap.c:73:45: error: expected ‘;’ before ‘return’
   73 |         tree->current = tree->current->right
      |                                             ^
      |                                             ;
   74 |         return;
      |         ~~~~~~                               
Compilation failed
fec394a
Thu 20 Apr 2023 05:39:45 PM UTC: 
 treemap.c | 2 +-
 1 file changed, 1 insertion(+), 1 deletion(-)
 tests:  11|6
total_score: 15/70
f5e69d3
Thu 20 Apr 2023 05:40:57 PM UTC: 
 treemap.c | 4 ++--
 1 file changed, 2 insertions(+), 2 deletions(-)
 tests:  11|6
total_score: 15/70
07d8adb
Thu 20 Apr 2023 05:42:10 PM UTC: 
 treemap.c | 10 ++++------
 1 file changed, 4 insertions(+), 6 deletions(-)
In file included from test.c:4:
treemap.c: In function ‘insertTreeMap’:
treemap.c:69:24: error: ‘TreeNode’ has no member named ‘ieft’; did you mean ‘left’?
   69 |         tree->current->ieft = createTreeNode(key,value);
      |                        ^~~~
      |                        left
Compilation failed
b57c5c1
Thu 20 Apr 2023 05:42:17 PM UTC: 
 treemap.c | 2 +-
 1 file changed, 1 insertion(+), 1 deletion(-)
 tests:  11|6
total_score: 15/70
e7e212a
Thu 20 Apr 2023 05:42:46 PM UTC: 
 treemap.c | 3 +--
 1 file changed, 1 insertion(+), 2 deletions(-)
 tests:  11|6
total_score: 15/70
ff57bb8
Thu 20 Apr 2023 05:44:33 PM UTC: 
 treemap.c | 9 +++++----
 1 file changed, 5 insertions(+), 4 deletions(-)
 tests:  11|6
total_score: 15/70
ba88515
Thu 20 Apr 2023 09:00:21 PM UTC: 
 treemap.c | 3 +--
 1 file changed, 1 insertion(+), 2 deletions(-)
 tests:  11|6
total_score: 15/70
ec3bd9c
Thu 20 Apr 2023 09:00:57 PM UTC: 
 treemap.c | 8 ++++----
 1 file changed, 4 insertions(+), 4 deletions(-)
 tests:  10|6
total_score: 15/70
73b4799
Thu 20 Apr 2023 09:02:53 PM UTC: 
 treemap.c | 5 ++++-
 1 file changed, 4 insertions(+), 1 deletion(-)
 tests:  11|6
total_score: 15/70
8ddb32b
Thu 20 Apr 2023 09:04:18 PM UTC: 
 treemap.c | 2 +-
 1 file changed, 1 insertion(+), 1 deletion(-)
 tests:  13|5
total_score: 25/70
f9e17a8
Thu 20 Apr 2023 09:07:50 PM UTC: 
 treemap.c | 5 ++++-
 1 file changed, 4 insertions(+), 1 deletion(-)
 tests:  14|5
total_score: 25/70
a4ed23d
Thu 20 Apr 2023 09:13:27 PM UTC: 
 treemap.c | 7 +++----
 1 file changed, 3 insertions(+), 4 deletions(-)
 tests:  15|4
total_score: 25/70
0bb587e
Thu 20 Apr 2023 09:44:04 PM UTC: 
 treemap.c | 3 ++-
 1 file changed, 2 insertions(+), 1 deletion(-)
In file included from test.c:4:
treemap.c: In function ‘removeNode’:
treemap.c:91:28: error: ‘return’ with a value, in function returning void [-Werror=return-type]
   91 |   if (node == NULL) return NULL;
      |                            ^~~~
treemap.c:90:6: note: declared here
   90 | void removeNode(TreeMap * tree, TreeNode* node){
      |      ^~~~~~~~~~
cc1: all warnings being treated as errors
Compilation failed
91e6e71
Thu 20 Apr 2023 09:44:21 PM UTC: 
 treemap.c | 2 +-
 1 file changed, 1 insertion(+), 1 deletion(-)
 tests:  15|4
total_score: 25/70
bed3719
Thu 20 Apr 2023 09:52:25 PM UTC: 
 treemap.c | 15 +++++++++++++++
 1 file changed, 15 insertions(+)
 tests:  16|4
total_score: 30/70
c716687
Thu 20 Apr 2023 10:56:59 PM UTC: 
 treemap.c | 14 ++++++++++++++
 1 file changed, 14 insertions(+)
In file included from test.c:4:
treemap.c:121:1: error: expected identifier or ‘(’ before ‘}’ token
  121 | }
      | ^
Compilation failed
35e1445
Thu 20 Apr 2023 11:22:25 PM UTC: 
 treemap.c | 5 ++++-
 1 file changed, 4 insertions(+), 1 deletion(-)
In file included from test.c:4:
treemap.c:120:1: error: expected identifier or ‘(’ before ‘}’ token
  120 | }
      | ^
treemap.c: In function ‘firstTreeMap’:
treemap.c:155:14: error: ‘TreeMap’ has no member named ‘left’
  155 |   while (tree->left != NULL){
      |              ^~
treemap.c:156:10: error: assignment to ‘TreeMap *’ from incompatible pointer type ‘TreeNode *’ [-Werror=incompatible-pointer-types]
  156 |     tree = tree->current;
      |          ^
cc1: all warnings being treated as errors
Compilation failed
fb93ec2
Thu 20 Apr 2023 11:50:35 PM UTC: 
 treemap.c | 5 +++--
 1 file changed, 3 insertions(+), 2 deletions(-)
In file included from test.c:4:
treemap.c:120:1: error: expected identifier or ‘(’ before ‘}’ token
  120 | }
      | ^
Compilation failed
349177e
Fri 21 Apr 2023 12:07:03 AM UTC: 
 treemap.c | 1 +
 1 file changed, 1 insertion(+)
In file included from test.c:4:
treemap.c:120:1: error: expected identifier or ‘(’ before ‘}’ token
  120 | }
      | ^
Compilation failed
079e68e
Fri 21 Apr 2023 12:08:10 AM UTC: 
 treemap.c | 2 +-
 1 file changed, 1 insertion(+), 1 deletion(-)
In file included from test.c:4:
treemap.c:120:1: error: expected identifier or ‘(’ before ‘}’ token
  120 | }
      | ^
Compilation failed
bf66fc4
Fri 21 Apr 2023 10:29:18 PM UTC: 
 treemap.c | 8 ++++++++
 1 file changed, 8 insertions(+)
In file included from test.c:4:
treemap.c:120:3: error: expected identifier or ‘(’ before ‘if’
  120 |   if (node->left != NULL && node->right != NULL){ //2 hijos
      |   ^~
treemap.c:128:1: error: expected identifier or ‘(’ before ‘}’ token
  128 | }
      | ^
Compilation failed
4461e79
Fri 21 Apr 2023 10:29:37 PM UTC: 
 treemap.c | 2 +-
 1 file changed, 1 insertion(+), 1 deletion(-)
In file included from test.c:4:
treemap.c: In function ‘removeNode’:
treemap.c:122:5: error: expected ‘,’ or ‘;’ before ‘if’
  122 |     if (hijoMen->left == NULL && hijoMen->right == NULL){
      |     ^~
treemap.c:121:15: error: unused variable ‘hijoMen’ [-Werror=unused-variable]
  121 |     TreeNode *hijoMen = node->left
      |               ^~~~~~~
cc1: all warnings being treated as errors
Compilation failed
36b9aef
Fri 21 Apr 2023 10:30:36 PM UTC: 
 treemap.c | 4 ++--
 1 file changed, 2 insertions(+), 2 deletions(-)
 tests:  18|3
total_score: 35/70
5338676
Fri 21 Apr 2023 10:44:12 PM UTC: 
 treemap.c | 14 +++++++++++++-
 1 file changed, 13 insertions(+), 1 deletion(-)
In file included from test.c:4:
treemap.c: In function ‘upperBound’:
treemap.c:158:9: error: implicit declaration of function ‘is_lower’ [-Werror=implicit-function-declaration]
  158 |     if (is_lower(tree,tree->current->pair->key,key)){
      |         ^~~~~~~~
treemap.c:159:15: error: ‘TreeMap’ has no member named ‘pair’
  159 |       if (tree->pair == NULL || tree->lower_than(node->key,tree->current->pair->key,key)){
      |               ^~
treemap.c:159:54: error: ‘TreeNode’ has no member named ‘key’
  159 |       if (tree->pair == NULL || tree->lower_than(node->key,tree->current->pair->key,key)){
      |                                                      ^~
treemap.c:159:33: error: too many arguments to function ‘tree->lower_than’
  159 |       if (tree->pair == NULL || tree->lower_than(node->key,tree->current->pair->key,key)){
      |                                 ^~~~
cc1: all warnings being treated as errors
Compilation failed
2497162
Fri 21 Apr 2023 10:44:56 PM UTC: 
 treemap.c | 2 +-
 1 file changed, 1 insertion(+), 1 deletion(-)
In file included from test.c:4:
treemap.c: In function ‘upperBound’:
treemap.c:158:9: error: implicit declaration of function ‘is_lower’ [-Werror=implicit-function-declaration]
  158 |     if (is_lower(tree,tree->current->pair->key,key)){
      |         ^~~~~~~~
treemap.c:159:42: error: too many arguments to function ‘tree->lower_than’
  159 |       if (tree->current->pair == NULL || tree->lower_than(node->pair->key,tree->current->pair->key,key)){
      |                                          ^~~~
cc1: all warnings being treated as errors
Compilation failed
4c170da
Fri 21 Apr 2023 10:45:41 PM UTC: 
 treemap.c | 2 +-
 1 file changed, 1 insertion(+), 1 deletion(-)
In file included from test.c:4:
treemap.c: In function ‘upperBound’:
treemap.c:158:9: error: implicit declaration of function ‘is_lower’ [-Werror=implicit-function-declaration]
  158 |     if (is_lower(tree,tree->current->pair->key,key)){
      |         ^~~~~~~~
cc1: all warnings being treated as errors
Compilation failed
f5be7f5
Fri 21 Apr 2023 10:54:42 PM UTC: 
 treemap.c | 3 ++-
 1 file changed, 2 insertions(+), 1 deletion(-)
In file included from test.c:4:
treemap.c: In function ‘upperBound’:
treemap.c:158:47: error: ‘TreeNode’ has no member named ‘key’
  158 |     int comparador = tree->lower_than(key,node->key)
      |                                               ^~
treemap.c:159:5: error: expected ‘,’ or ‘;’ before ‘if’
  159 |     if (comparador > 0){
      |     ^~
treemap.c:165:5: error: ‘else’ without a previous ‘if’
  165 |     else{
      |     ^~~~
treemap.c:158:9: error: unused variable ‘comparador’ [-Werror=unused-variable]
  158 |     int comparador = tree->lower_than(key,node->key)
      |         ^~~~~~~~~~
cc1: all warnings being treated as errors
Compilation failed
571ddee
Fri 21 Apr 2023 10:54:50 PM UTC: 
 treemap.c | 2 +-
 1 file changed, 1 insertion(+), 1 deletion(-)
In file included from test.c:4:
treemap.c: In function ‘upperBound’:
treemap.c:158:47: error: ‘TreeNode’ has no member named ‘key’
  158 |     int comparador = tree->lower_than(key,node->key);
      |                                               ^~
Compilation failed
5916682
Fri 21 Apr 2023 10:56:55 PM UTC: 
 treemap.c | 2 +-
 1 file changed, 1 insertion(+), 1 deletion(-)
 tests:  0|0
12c739b
Fri 21 Apr 2023 11:15:43 PM UTC: 
 treemap.c | 7 ++++---
 1 file changed, 4 insertions(+), 3 deletions(-)
In file included from test.c:4:
treemap.c: In function ‘upperBound’:
treemap.c:158:3: error: expected ‘,’ or ‘;’ before ‘while’
  158 |   while (node != NULL){
      |   ^~~~~
treemap.c:156:13: error: unused variable ‘node’ [-Werror=unused-variable]
  156 |   TreeNode* node = tree->root;
      |             ^~~~
cc1: all warnings being treated as errors
Compilation failed
82baa40
